<!DOCTYPE html PUBLIC "-//W3C//DTD XHTML 1.1//EN" "http://www.w3.org/TR/xhtml11/DTD/xhtml11.dtd">
<html xmlns="http://www.w3.org/1999/xhtml"><head><title>TestNG Report</title><style type="text/css">table {margin-bottom:10px;border-collapse:collapse;empty-cells:show}th,td {border:1px solid #009;padding:.25em .5em}th {vertical-align:bottom}td {vertical-align:top}table a {font-weight:bold}.stripe td {background-color: #E6EBF9}.num {text-align:right}.passedodd td {background-color: #3F3}.passedeven td {background-color: #0A0}.skippedodd td {background-color: #DDD}.skippedeven td {background-color: #CCC}.failedodd td,.attn {background-color: #F33}.failedeven td,.stripe .attn {background-color: #D00}.stacktrace {white-space:pre;font-family:monospace}.totop {font-size:85%;text-align:center;border-bottom:2px solid #000}</style></head><body><table><tr><th>Test</th><th># Passed</th><th># Skipped</th><th># Failed</th><th>Time (ms)</th><th>Included Groups</th><th>Excluded Groups</th></tr><tr><th colspan="7">Suite</th></tr><tr><td><a href="#t0">Test</a></td><td class="num">1</td><td class="num">0</td><td class="num">0</td><td class="num">61,736</td><td></td><td></td></tr></table><table id='summary'><thead><tr><th>Class</th><th>Method</th><th>Start</th><th>Time (ms)</th></tr></thead><tbody><tr><th colspan="4">Suite</th></tr></tbody><tbody id="t0"><tr><th colspan="4">Test &#8212; failed (configuration methods)</th></tr><tr class="failedeven"><td rowspan="1">com.TestScript.Home</td><td><a href="#m0">Appium_Server_Stop</a></td><td rowspan="1">1503761786864</td><td rowspan="1">405</td></tr><tr><th colspan="4">Test &#8212; passed</th></tr><tr class="passedeven"><td rowspan="1">com.TestScript.Home</td><td><a href="#m1">TC1</a></td><td rowspan="1">1503761749188</td><td rowspan="1">33898</td></tr></tbody></table><h2>Test</h2><h3 id="m0">com.TestScript.Home#Appium_Server_Stop</h3><table class="result"><tr><th>Exception</th></tr><tr><td><div class="stacktrace">java.lang.RuntimeException: Process refused to die after 10 seconds, and couldn&apos;t taskkill it: Unable to find executable for: taskkill
	at org.openqa.selenium.os.ProcessUtils.killWinProcess(ProcessUtils.java:143)
	at org.openqa.selenium.os.ProcessUtils.killProcess(ProcessUtils.java:81)
	at org.openqa.selenium.os.UnixProcess$SeleniumWatchDog.destroyHarder(UnixProcess.java:247)
	at org.openqa.selenium.os.UnixProcess$SeleniumWatchDog.access$200(UnixProcess.java:201)
	at org.openqa.selenium.os.UnixProcess.destroy(UnixProcess.java:125)
	at org.openqa.selenium.os.CommandLine.destroy(CommandLine.java:155)
	at io.appium.java_client.service.local.AppiumDriverLocalService.destroyProcess(AppiumDriverLocalService.java:182)
	at io.appium.java_client.service.local.AppiumDriverLocalService.stop(AppiumDriverLocalService.java:172)
	at com.library.BaseClass.Appium_Server_Stop(BaseClass.java:39)
Caused by: java.lang.NullPointerException: Unable to find executable for: taskkill
	at com.google.common.base.Preconditions.checkNotNull(Preconditions.java:251)
	at org.openqa.selenium.os.UnixProcess.&lt;init&gt;(UnixProcess.java:62)
	at org.openqa.selenium.os.CommandLine.&lt;init&gt;(CommandLine.java:38)
	at org.openqa.selenium.os.WindowsUtils.killPID(WindowsUtils.java:178)
	at org.openqa.selenium.os.ProcessUtils.killWinProcess(ProcessUtils.java:138)
	... 27 more
... Removed 19 stack frames</div></td></tr></table><p class="totop"><a href="#summary">back to summary</a></p><h3 id="m1">com.TestScript.Home#TC1</h3><table class="result"><tr><th>Messages</th></tr><tr><td><div class="messages">STEP1</div></td></tr></table><p class="totop"><a href="#summary">back to summary</a></p></body></html>