<?xml version="1.0" encoding="UTF-8"?>
<testng-results skipped="0" failed="0" ignored="0" total="1" passed="1">
  <reporter-output>
    <line>
      <![CDATA[STEP1]]>
    </line>
  </reporter-output>
  <suite name="Suite" duration-ms="61736" started-at="2017-08-26T15:35:25Z" finished-at="2017-08-26T15:36:26Z">
    <groups>
    </groups>
    <test name="Test" duration-ms="61736" started-at="2017-08-26T15:35:25Z" finished-at="2017-08-26T15:36:26Z">
      <class name="com.TestScript.Home">
        <test-method status="PASS" signature="Appium_Server_Start()[pri:0, instance:com.TestScript.Home@dafa95]" name="Appium_Server_Start" is-config="true" duration-ms="7262" started-at="2017-08-26T21:05:17Z" finished-at="2017-08-26T21:05:25Z">
          <reporter-output>
          </reporter-output>
        </test-method> <!-- Appium_Server_Start -->
        <test-method status="PASS" signature="setup()[pri:0, instance:com.TestScript.Home@dafa95]" name="setup" is-config="true" duration-ms="24085" started-at="2017-08-26T21:05:25Z" finished-at="2017-08-26T21:05:49Z">
          <reporter-output>
          </reporter-output>
        </test-method> <!-- setup -->
        <test-method status="PASS" signature="TC1()[pri:0, instance:com.TestScript.Home@dafa95]" name="TC1" duration-ms="33898" started-at="2017-08-26T21:05:49Z" finished-at="2017-08-26T21:06:23Z">
          <reporter-output>
            <line>
              <![CDATA[STEP1]]>
            </line>
          </reporter-output>
        </test-method> <!-- TC1 -->
        <test-method status="PASS" signature="TearDown()[pri:0, instance:com.TestScript.Home@dafa95]" name="TearDown" is-config="true" duration-ms="3713" started-at="2017-08-26T21:06:23Z" finished-at="2017-08-26T21:06:26Z">
          <reporter-output>
          </reporter-output>
        </test-method> <!-- TearDown -->
        <test-method status="FAIL" signature="Appium_Server_Stop()[pri:0, instance:com.TestScript.Home@dafa95]" name="Appium_Server_Stop" is-config="true" duration-ms="405" started-at="2017-08-26T21:06:26Z" finished-at="2017-08-26T21:06:27Z">
          <exception class="java.lang.RuntimeException">
            <message>
              <![CDATA[Process refused to die after 10 seconds, and couldn't taskkill it: Unable to find executable for: taskkill]]>
            </message>
            <full-stacktrace>
              <![CDATA[java.lang.RuntimeException: Process refused to die after 10 seconds, and couldn't taskkill it: Unable to find executable for: taskkill
	at org.openqa.selenium.os.ProcessUtils.killWinProcess(ProcessUtils.java:143)
	at org.openqa.selenium.os.ProcessUtils.killProcess(ProcessUtils.java:81)
	at org.openqa.selenium.os.UnixProcess$SeleniumWatchDog.destroyHarder(UnixProcess.java:247)
	at org.openqa.selenium.os.UnixProcess$SeleniumWatchDog.access$200(UnixProcess.java:201)
	at org.openqa.selenium.os.UnixProcess.destroy(UnixProcess.java:125)
	at org.openqa.selenium.os.CommandLine.destroy(CommandLine.java:155)
	at io.appium.java_client.service.local.AppiumDriverLocalService.destroyProcess(AppiumDriverLocalService.java:182)
	at io.appium.java_client.service.local.AppiumDriverLocalService.stop(AppiumDriverLocalService.java:172)
	at com.library.BaseClass.Appium_Server_Stop(BaseClass.java:39)
	at sun.reflect.NativeMethodAccessorImpl.invoke0(Native Method)
	at sun.reflect.NativeMethodAccessorImpl.invoke(NativeMethodAccessorImpl.java:62)
	at sun.reflect.DelegatingMethodAccessorImpl.invoke(DelegatingMethodAccessorImpl.java:43)
	at java.lang.reflect.Method.invoke(Method.java:498)
	at org.testng.internal.MethodInvocationHelper.invokeMethod(MethodInvocationHelper.java:108)
	at org.testng.internal.Invoker.invokeConfigurationMethod(Invoker.java:523)
	at org.testng.internal.Invoker.invokeConfigurations(Invoker.java:224)
	at org.testng.internal.Invoker.invokeConfigurations(Invoker.java:146)
	at org.testng.SuiteRunner.privateRun(SuiteRunner.java:350)
	at org.testng.SuiteRunner.run(SuiteRunner.java:289)
	at org.testng.SuiteRunnerWorker.runSuite(SuiteRunnerWorker.java:52)
	at org.testng.SuiteRunnerWorker.run(SuiteRunnerWorker.java:86)
	at org.testng.TestNG.runSuitesSequentially(TestNG.java:1301)
	at org.testng.TestNG.runSuitesLocally(TestNG.java:1226)
	at org.testng.TestNG.runSuites(TestNG.java:1144)
	at org.testng.TestNG.run(TestNG.java:1115)
	at org.testng.remote.AbstractRemoteTestNG.run(AbstractRemoteTestNG.java:126)
	at org.testng.remote.RemoteTestNG.initAndRun(RemoteTestNG.java:152)
	at org.testng.remote.RemoteTestNG.main(RemoteTestNG.java:57)
Caused by: java.lang.NullPointerException: Unable to find executable for: taskkill
	at com.google.common.base.Preconditions.checkNotNull(Preconditions.java:251)
	at org.openqa.selenium.os.UnixProcess.<init>(UnixProcess.java:62)
	at org.openqa.selenium.os.CommandLine.<init>(CommandLine.java:38)
	at org.openqa.selenium.os.WindowsUtils.killPID(WindowsUtils.java:178)
	at org.openqa.selenium.os.ProcessUtils.killWinProcess(ProcessUtils.java:138)
	... 27 more
]]>
            </full-stacktrace>
          </exception> <!-- java.lang.RuntimeException -->
          <reporter-output>
          </reporter-output>
        </test-method> <!-- Appium_Server_Stop -->
      </class> <!-- com.TestScript.Home -->
    </test> <!-- Test -->
  </suite> <!-- Suite -->
</testng-results>
